
> avsworklog@0.1.0 lint
> eslint .

[BABEL] Note: The code generator has deoptimised the styling of D:\Websites\avsworklog\testsuite\reports\html\trace\assets\defaultSettingsView-CJSZINFr.js as it exceeds the max of 500KB.

D:\Websites\avsworklog\app\(dashboard)\absence\page.tsx
  123:5  warning  Unused eslint-disable directive (no problems were reported from 'react-hooks/exhaustive-deps')

D:\Websites\avsworklog\app\(dashboard)\admin\users\page.tsx
  179:3  warning  Unused eslint-disable directive (no problems were reported from 'react-hooks/exhaustive-deps')

D:\Websites\avsworklog\app\(dashboard)\dashboard\page.tsx
  186:3  warning  Unused eslint-disable directive (no problems were reported from 'react-hooks/exhaustive-deps')

D:\Websites\avsworklog\app\(dashboard)\debug\page.tsx
    1:1  error    Do not use "@ts-nocheck" because it alters compilation errors                                   @typescript-eslint/ban-ts-comment
  261:5  warning  Unused eslint-disable directive (no problems were reported from 'react-hooks/exhaustive-deps')

D:\Websites\avsworklog\app\(dashboard)\fleet\hgvs\[hgvId]\history\page.tsx
  1:1  error  Do not use "@ts-nocheck" because it alters compilation errors  @typescript-eslint/ban-ts-comment

D:\Websites\avsworklog\app\(dashboard)\fleet\page.tsx
  298:5  warning  Unused eslint-disable directive (no problems were reported from 'react-hooks/exhaustive-deps')

D:\Websites\avsworklog\app\(dashboard)\fleet\vans\[vanId]\history\page.tsx
  1:1  error  Do not use "@ts-nocheck" because it alters compilation errors  @typescript-eslint/ban-ts-comment

D:\Websites\avsworklog\app\(dashboard)\maintenance\components\CategoryDialog.tsx
    1:1   error    Do not use "@ts-nocheck" because it alters compilation errors                                                                                                                                                                                                                                                                                                                                                                                                                                                                                                                                                                                                                                                                                                                                                                         @typescript-eslint/ban-ts-comment
  143:24  warning  Compilation Skipped: Use of incompatible library

This API returns functions which cannot be memoized without leading to stale UI. To prevent this, by default React Compiler will skip memoizing this component/hook. However, you may see issues if values from this API are passed to other components/hooks that are memoized.

D:\Websites\avsworklog\app\(dashboard)\maintenance\components\CategoryDialog.tsx:143:24
  141 |   });
  142 |
> 143 |   const selectedType = watch('type');
      |                        ^^^^^ React Hook Form's `useForm()` API returns a `watch()` function which cannot be memoized safely.
  144 |   const selectedResponsibility = watch('responsibility');
  145 |   const showOnOverview = watch('show_on_overview');
  146 |   const reminderInApp = watch('reminder_in_app_enabled');  react-hooks/incompatible-library

D:\Websites\avsworklog\app\(dashboard)\maintenance\components\EditMaintenanceDialog.tsx
  1:1  error  Do not use "@ts-nocheck" because it alters compilation errors  @typescript-eslint/ban-ts-comment

D:\Websites\avsworklog\app\(dashboard)\maintenance\components\EditPlantRecordDialog.tsx
  1:1  error  Do not use "@ts-nocheck" because it alters compilation errors  @typescript-eslint/ban-ts-comment

D:\Websites\avsworklog\app\(dashboard)\maintenance\components\MaintenanceHistoryDialog.tsx
  1:1  error  Do not use "@ts-nocheck" because it alters compilation errors  @typescript-eslint/ban-ts-comment

D:\Websites\avsworklog\app\(dashboard)\maintenance\components\MaintenanceOverview.tsx
  1:1  error  Do not use "@ts-nocheck" because it alters compilation errors  @typescript-eslint/ban-ts-comment

D:\Websites\avsworklog\app\(dashboard)\maintenance\components\MaintenanceTable.tsx
  1:1  error  Do not use "@ts-nocheck" because it alters compilation errors  @typescript-eslint/ban-ts-comment

D:\Websites\avsworklog\app\(dashboard)\maintenance\components\MotHistoryDialog.tsx
  35:1  warning  Unused eslint-disable directive (no problems were reported from '@typescript-eslint/no-unused-vars')

D:\Websites\avsworklog\app\(dashboard)\maintenance\components\PlantOverview.tsx
  1:1  error  Do not use "@ts-nocheck" because it alters compilation errors  @typescript-eslint/ban-ts-comment

D:\Websites\avsworklog\app\(dashboard)\plant-inspections\[id]\page.tsx
  1:1  error  Do not use "@ts-nocheck" because it alters compilation errors  @typescript-eslint/ban-ts-comment

D:\Websites\avsworklog\app\(dashboard)\plant-inspections\new\page.tsx
  1:1  error  Do not use "@ts-nocheck" because it alters compilation errors  @typescript-eslint/ban-ts-comment

D:\Websites\avsworklog\app\(dashboard)\plant-inspections\page.tsx
  1:1  error  Do not use "@ts-nocheck" because it alters compilation errors  @typescript-eslint/ban-ts-comment

D:\Websites\avsworklog\app\(dashboard)\timesheets\[id]\page.tsx
    1:1   error    Do not use "@ts-nocheck" because it alters compilation errors                                 @typescript-eslint/ban-ts-comment
  753:20  warning  Unused eslint-disable directive (no problems were reported from '@next/next/no-img-element')

D:\Websites\avsworklog\app\(dashboard)\timesheets\components\ConfirmationModal.tsx
  1:1  error  Do not use "@ts-nocheck" because it alters compilation errors  @typescript-eslint/ban-ts-comment

D:\Websites\avsworklog\app\(dashboard)\timesheets\types\civils\CivilsTimesheet.tsx
    1:1  error    Do not use "@ts-nocheck" because it alters compilation errors                                   @typescript-eslint/ban-ts-comment
  126:5  warning  Unused eslint-disable directive (no problems were reported from 'react-hooks/exhaustive-deps')
  136:5  warning  Unused eslint-disable directive (no problems were reported from 'react-hooks/exhaustive-deps')
  147:5  warning  Unused eslint-disable directive (no problems were reported from 'react-hooks/exhaustive-deps')

D:\Websites\avsworklog\app\(dashboard)\van-inspections\[id]\page.tsx
  1:1  error  Do not use "@ts-nocheck" because it alters compilation errors  @typescript-eslint/ban-ts-comment

D:\Websites\avsworklog\app\(dashboard)\van-inspections\new\page.tsx
  1:1  error  Do not use "@ts-nocheck" because it alters compilation errors  @typescript-eslint/ban-ts-comment

D:\Websites\avsworklog\app\(dashboard)\van-inspections\page.tsx
  1:1  error  Do not use "@ts-nocheck" because it alters compilation errors  @typescript-eslint/ban-ts-comment

D:\Websites\avsworklog\app\(dashboard)\workshop-tasks\page.tsx
  1:1  error  Do not use "@ts-nocheck" because it alters compilation errors  @typescript-eslint/ban-ts-comment

D:\Websites\avsworklog\app\api\admin\roles\[id]\permissions\route.ts
  1:1  error  Do not use "@ts-nocheck" because it alters compilation errors  @typescript-eslint/ban-ts-comment

D:\Websites\avsworklog\app\api\admin\roles\[id]\route.ts
  1:1  error  Do not use "@ts-nocheck" because it alters compilation errors  @typescript-eslint/ban-ts-comment

D:\Websites\avsworklog\app\api\admin\roles\route.ts
  1:1  error  Do not use "@ts-nocheck" because it alters compilation errors  @typescript-eslint/ban-ts-comment

D:\Websites\avsworklog\app\api\admin\users\[id]\route.ts
  1:1  error  Do not use "@ts-nocheck" because it alters compilation errors  @typescript-eslint/ban-ts-comment

D:\Websites\avsworklog\app\api\admin\vans\route.ts
  1:1  error  Do not use "@ts-nocheck" because it alters compilation errors  @typescript-eslint/ban-ts-comment

D:\Websites\avsworklog\app\api\errors\daily-summary\route.ts
  1:1  error  Do not use "@ts-nocheck" because it alters compilation errors  @typescript-eslint/ban-ts-comment

D:\Websites\avsworklog\app\api\errors\daily-summary\test\route.ts
  1:1  error  Do not use "@ts-nocheck" because it alters compilation errors  @typescript-eslint/ban-ts-comment

D:\Websites\avsworklog\app\api\hgv-inspections\[id]\pdf\route.ts
  1:1  error  Do not use "@ts-nocheck" because it alters compilation errors  @typescript-eslint/ban-ts-comment

D:\Websites\avsworklog\app\api\maintenance\[id]\route.ts
  1:1  error  Do not use "@ts-nocheck" because it alters compilation errors  @typescript-eslint/ban-ts-comment

D:\Websites\avsworklog\app\api\maintenance\categories\[id]\recipients\route.ts
  1:1  error  Do not use "@ts-nocheck" because it alters compilation errors  @typescript-eslint/ban-ts-comment

D:\Websites\avsworklog\app\api\maintenance\history\[vehicleId]\route.ts
  1:1  error  Do not use "@ts-nocheck" because it alters compilation errors  @typescript-eslint/ban-ts-comment

D:\Websites\avsworklog\app\api\maintenance\reminders\route.ts
  1:1  error  Do not use "@ts-nocheck" because it alters compilation errors  @typescript-eslint/ban-ts-comment

D:\Websites\avsworklog\app\api\maintenance\route.ts
  1:1  error  Do not use "@ts-nocheck" because it alters compilation errors  @typescript-eslint/ban-ts-comment

D:\Websites\avsworklog\app\api\maintenance\sync-dvla-scheduled\route.ts
  1:1  error  Do not use "@ts-nocheck" because it alters compilation errors  @typescript-eslint/ban-ts-comment

D:\Websites\avsworklog\app\api\maintenance\sync-dvla\route.ts
  1:1  error  Do not use "@ts-nocheck" because it alters compilation errors  @typescript-eslint/ban-ts-comment

D:\Websites\avsworklog\app\api\messages\[id]\export\route.ts
  1:1  error  Do not use "@ts-nocheck" because it alters compilation errors  @typescript-eslint/ban-ts-comment

D:\Websites\avsworklog\app\api\messages\clear-all\route.ts
  1:1  error  Do not use "@ts-nocheck" because it alters compilation errors  @typescript-eslint/ban-ts-comment

D:\Websites\avsworklog\app\api\messages\notifications\admin\route.ts
  1:1  error  Do not use "@ts-nocheck" because it alters compilation errors  @typescript-eslint/ban-ts-comment

D:\Websites\avsworklog\app\api\messages\notifications\route.ts
  1:1  error  Do not use "@ts-nocheck" because it alters compilation errors  @typescript-eslint/ban-ts-comment

D:\Websites\avsworklog\app\api\messages\pending\route.ts
  1:1  error  Do not use "@ts-nocheck" because it alters compilation errors  @typescript-eslint/ban-ts-comment

D:\Websites\avsworklog\app\api\messages\reports\route.ts
  1:1  error  Do not use "@ts-nocheck" because it alters compilation errors  @typescript-eslint/ban-ts-comment

D:\Websites\avsworklog\app\api\plant-inspections\[id]\pdf\route.ts
  1:1  error  Do not use "@ts-nocheck" because it alters compilation errors  @typescript-eslint/ban-ts-comment

D:\Websites\avsworklog\app\api\workshop-tasks\tasks\[taskId]\comments\route.ts
  1:1  error  Do not use "@ts-nocheck" because it alters compilation errors  @typescript-eslint/ban-ts-comment

D:\Websites\avsworklog\components\messages\MessageBlockingCheck.tsx
  48:3  warning  Unused eslint-disable directive (no problems were reported from 'react-hooks/exhaustive-deps')

D:\Websites\avsworklog\components\messages\PDFViewer.tsx
  13:5  warning  Unused eslint-disable directive (no problems were reported from '@typescript-eslint/no-explicit-any')
  21:3  warning  Unused eslint-disable directive (no problems were reported from '@typescript-eslint/no-explicit-any')

D:\Websites\avsworklog\coverage\prettify.js
  1:1  warning  Unused eslint-disable directive (no problems were reported)

D:\Websites\avsworklog\coverage\sorter.js
  1:1  warning  Unused eslint-disable directive (no problems were reported)

D:\Websites\avsworklog\lib\hooks\useAttachmentTemplates.ts
   69:5  warning  Unused eslint-disable directive (no problems were reported from 'react-hooks/exhaustive-deps')
  148:5  warning  Unused eslint-disable directive (no problems were reported from 'react-hooks/exhaustive-deps')

D:\Websites\avsworklog\lib\hooks\useAuth.ts
  1:1  error  Do not use "@ts-nocheck" because it alters compilation errors  @typescript-eslint/ban-ts-comment

D:\Websites\avsworklog\lib\hooks\useRealtime.ts
  24:7  warning  Unused eslint-disable directive (no problems were reported from '@typescript-eslint/no-explicit-any')

D:\Websites\avsworklog\lib\hooks\useTaskAttachments.ts
  111:5  warning  Unused eslint-disable directive (no problems were reported from 'react-hooks/exhaustive-deps')

D:\Websites\avsworklog\lib\hooks\useWorkshopTaskComments.ts
  112:5  warning  Unused eslint-disable directive (no problems were reported from 'react-hooks/exhaustive-deps')

D:\Websites\avsworklog\lib\utils\permissions.ts
  1:1  error  Do not use "@ts-nocheck" because it alters compilation errors  @typescript-eslint/ban-ts-comment

D:\Websites\avsworklog\lib\utils\view-as.ts
  1:1  error  Do not use "@ts-nocheck" because it alters compilation errors  @typescript-eslint/ban-ts-comment

D:\Websites\avsworklog\testsuite\reports\html\trace\assets\defaultSettingsView-CJSZINFr.js
  69:2385  error  Error: This value cannot be modified

Modifying a variable defined outside a component or hook is not allowed. Consider using an effect.

  67 | `)).map(w=>w.message));for(const w of r)for(const v of f.keys())(m=w.message)!=null&&m.includes(v)&&f.delete(v);const h=r.filter(w=>!(!w.message||!w.message.includes(`
  68 | `)&&!f.has(w.message)));if(!h.length)return;const g=[K_,"# Test info","",n];o&&g.push("","# Stdout","","```",Xo(o),"```"),u&&g.push("","# Stderr","","```",Xo(u),"```"),g.push("","# Error details");for(const w of h)g.push("","```",Xo(w.message||""),"```");i&&g.push(i);const y=await l(h[h.length-1]);return y&&g.push("","# Test source","","```ts",y,"```"),e!=null&&e.gitDiff&&g.push("","# Local changes","","```diff",e.gitDiff,"```"),g.join(`
> 69 | `)}const X_=new RegExp("([\\u001B\\u009B][[\\]()#;?]*(?:(?:(?:[a-zA-Z\\d]*(?:;[-a-zA-Z\\d\\/#&.:=?%@~_]*)*)?\\u0007)|(?:(?:\\d{1,4}(?:;\\d{0,4})*)?[\\dA-PR-TZcf-ntqry=><~])))","g");function Xo(n){return n.replace(X_,"")}const F_=yc,Q_=({stack:n,setSelectedFrame:e,selectedFrame:i})=>{const r=n||[];return S.jsx(F_,{name:"stack-trace",ariaLabel:"Stack trace",items:r,selectedItem:r[i],render:l=>{const o=l.file[1]===":"?"\\":"/";return S.jsxs(S.Fragment,{children:[S.jsx("span",{className:"stack-trace-frame-function",children:l.function||"(anonymous)"}),S.jsx("span",{className:"stack-trace-frame-location",children:l.file.split(o).pop()}),S.jsx("span",{className:"stack-trace-frame-line",children:":"+l.line})]})},onSelected:l=>e(r.indexOf(l))})},nd=({noShadow:n,children:e,noMinHeight:i,className:r,sidebarBackground:l,onClick:o})=>S.jsx("div",{className:Fe("toolbar",n&&"no-shadow",i&&"no-min-height",r,l&&"toolbar-sidebar-background"),onClick:o,children:e});function J_(n,e,i,r,l){const o=ti();return ec(async()=>{var v,E,x,_;const u=n==null?void 0:n[e],f=u!=null&&u.file?u:l;if(!f)return{source:{file:"",errors:[],content:void 0},targetLine:0,highlight:[]};const h=f.file;let g=i.get(h);g||(g={errors:((v=l==null?void 0:l.source)==null?void 0:v.errors)||[],content:(E=l==null?void 0:l.source)==null?void 0:E.content},i.set(h,g));const y=(f==null?void 0:f.line)||((x=g.errors[0])==null?void 0:x.line)||0,m=r&&h.startsWith(r)?h.substring(r.length+1):h,w=g.errors.map(N=>({type:"error",line:N.line,message:N.message}));if(w.push({line:y,type:"running"}),((_=l==null?void 0:l.source)==null?void 0:_.content)!==void 0)g.content=l.source.content;else if(g.content===void 0||f===l){const N=await Bb(h);try{let C=o?await fetch(o.createRelativeUrl(`sha1/src@${N}.txt`)):void 0;(!C||C.status===404)&&(C=await fetch(`file?path=${encodeURIComponent(h)}`)),C.status>=400?g.content="":g.content=await C.text()}catch{g.content=`<Unable to read "${h}">`}}return{model:o,source:g,highlight:w,targetLine:y,fileName:m,location:f}},[n,e,r,l],{source:{errors:[],content:"Loading…"},highlight:[]})}const P_=({stack:n,sources:e,rootDir:i,fallbackLocation:r,stackFrameLocation:l,onOpenExternally:o})=>{const[u,f]=U.useState(),[h,g]=U.useState(0);U.useEffect(()=>{u!==n&&(f(n),g(0))},[n,u,f,g]);const{source:y,highlight:m,targetLine:w,fileName:v,location:E}=J_(n,h,e,i,r),x=U.useCallback(()=>{E&&(o?o(E):window.location.href=`vscode://file//${E.file}:${E.line}`)},[o,E]),_=((n==null?void 0:n.length)??0)>1,N=Z_(v),C=N.endsWith(".md")?"markdown":"javascript";return S.jsx(nc,{sidebarSize:200,orientation:l==="bottom"?"vertical":"horizontal",sidebarHidden:!_,main:S.jsxs("div",{className:"vbox","data-testid":"source-code",children:[v&&S.jsxs(nd,{children:[S.jsx("div",{className:"source-tab-file-name",title:v,children:S.jsx("div",{children:N})}),S.jsx(td,{description:"Copy filename",value:N}),E&&S.jsx(Ht,{icon:"link-external",title:"Open in VS Code",onClick:x})]}),S.jsx(xr,{text:y.content||"",highlighter:C,highlight:m,revealLine:w,readOnly:!0,lineNumbers:!0,dataTestId:"source-code-mirror"})]}),sidebar:S.jsx(Q_,{stack:n,selectedFrame:h,setSelectedFrame:g})})};async function Bb(n){const e=new TextEncoder().encode(n),i=await crypto.subtle.digest("SHA-1",e),r=[],l=new DataView(i);for(let o=0;o<l.byteLength;o+=1){const u=l.getUint8(o).toString(16).padStart(2,"0");r.push(u)}return r.join("")}function Z_(n){if(!n)return"";const e=n!=null&&n.includes("/")?"/":"\\";return(n==null?void 0:n.split(e).pop())??""}const W_=({prompt:n})=>S.jsx(Ko,{value:n,description:"Copy prompt",copiedDescription:S.jsxs(S.Fragment,{children:["Copied ",S.jsx("span",{className:"codicon codicon-copy",style:{marginLeft:"5px"}})]}),style:{width:"120px",justifyContent:"center"}});function eT(n){return U.useMemo(()=>{if(!n)return{errors:new Map};const e=new Map;for(const i of n.errorDescriptors)e.set(i.message,i);return{errors:e}},[n])}function tT({message:n,error:e,sdkLanguage:i,revealInSource:r}){var f;let l,o;const u=(f=e.stack)==null?void 0:f[0];return u&&(l=u.file.replace(/.*[/\\](.*)/,"$1")+":"+u.line,o=u.file+":"+u.line),S.jsxs("div",{style:{display:"flex",flexDirection:"column",overflowX:"clip"},children:[S.jsxs("div",{className:"hbox",style:{alignItems:"center",padding:"5px 10px",minHeight:36,fontWeight:"bold",color:"var(--vscode-errorForeground)",flex:0},children:[e.action&&ed(e.action,{sdkLanguage:i}),l&&S.jsxs("div",{className:"action-location",children:["@ ",S.jsx("span",{title:o,onClick:()=>r(e),children:l})]})]}),S.jsx(N_,{error:n})]})}const nT=({errorsModel:n,sdkLanguage:e,revealInSource:i,wallTime:r,testRunMetadata:l})=>{const o=ti(),u=ec(async()=>{const g=o==null?void 0:o.attachments.find(y=>y.name==="error-context");if(g)return await fetch(bc(o,g)).then(y=>y.text())},[o],void 0),f=U.useCallback(async g=>{var v;const y=(v=g.stack)==null?void 0:v[0];if(!y)return;let m=o?await fetch(o.createRelativeUrl(`sha1/src@${await Bb(y.file)}.txt`)):void 0;if((!m||m.status===404)&&(m=await fetch(`file?path=${encodeURIComponent(y.file)}`)),m.status>=400)return;const w=await m.text();return iT({source:w,message:Xo(g.message).split(`
     |                                                                                                                                                                                                                                                                                                                                                                                                                                                                                                                                                                                                                                                                                                                                                                                                                                                                                                                                                                                                                                                                                                                                                                                                                                                                                                                                                                                                                                                                                                                                                                                                                                                                                                                                                                                                                                                                                                                                                                                                                                                                                                                                                                                                                                                                                                                                                                                                                                                                                 ^^^^^^^^^^^^^^^ value cannot be modified
  70 | `)[0]||void 0,location:y,linesAbove:100,linesBelow:100})},[o]),h=ec(()=>Y_({testInfo:(o==null?void 0:o.title)??"",metadata:l,errorContext:u,errors:(o==null?void 0:o.errorDescriptors)??[],buildCodeFrame:f}),[u,l,o,f],void 0);return n.errors.size?S.jsxs("div",{className:"fill",style:{overflow:"auto"},children:[S.jsx("span",{style:{position:"absolute",right:"5px",top:"5px",zIndex:1},children:h&&S.jsx(W_,{prompt:h})}),[...n.errors.entries()].map(([g,y])=>{const m=`error-${r}-${g}`;return S.jsx(tT,{message:g,error:y,revealInSource:i,sdkLanguage:e},m)})]}):S.jsx(ms,{text:"No errors"})};function iT({source:n,message:e,location:i,linesAbove:r,linesBelow:l}){const o=n.split(`
  71 | `).slice(),u=Math.max(0,i.line-r-1),f=Math.min(o.length,i.line+l),h=o.slice(u,f),g=String(f).length,y=h.map((m,w)=>`${u+w+1===i.line?"> ":"  "}${(u+w+1).toString().padEnd(g," ")} | ${m}`);return e&&y.splice(i.line-u,0,`${" ".repeat(g+2)} | ${" ".repeat(i.column-2)} ^ ${e}`),y.join(`
  72 | `)}const sT=yc;function rT(n,e){const{entries:i}=U.useMemo(()=>{if(!n)return{entries:[]};const l=[];function o(f){var y,m,w,v,E,x;const h=l[l.length-1];h&&((y=f.browserMessage)==null?void 0:y.bodyString)===((m=h.browserMessage)==null?void 0:m.bodyString)&&((w=f.browserMessage)==null?void 0:w.location)===((v=h.browserMessage)==null?void 0:v.location)&&f.browserError===h.browserError&&((E=f.nodeMessage)==null?void 0:E.html)===((x=h.nodeMessage)==null?void 0:x.html)&&f.isError===h.isError&&f.isWarning===h.isWarning&&f.timestamp-h.timestamp<1e3?h.repeat++:l.push({...f,repeat:1})}const u=[...n.events,...n.stdio].sort((f,h)=>{const g="time"in f?f.time:f.timestamp,y="time"in h?h.time:h.timestamp;return g-y});for(const f of u){if(f.type==="console"){const h=f.args&&f.args.length?lT(f.args):Ub(f.text),g=f.location.url,m=`${g?g.substring(g.lastIndexOf("/")+1):"<anonymous>"}:${f.location.lineNumber}`;o({browserMessage:{body:h,bodyString:f.text,location:m},isError:f.messageType==="error",isWarning:f.messageType==="warning",timestamp:f.time})}if(f.type==="event"&&f.method==="pageError"&&o({browserError:f.params.error,isError:!0,isWarning:!1,timestamp:f.time}),f.type==="stderr"||f.type==="stdout"){let h="";f.text&&(h=nl(f.text.trim())||""),f.base64&&(h=nl(atob(f.base64).trim())||""),o({nodeMessage:{html:h},isError:f.type==="stderr",isWarning:!1,timestamp:f.timestamp})}}return{entries:l}},[n]);return{entries:U.useMemo(()=>e?i.filter(l=>l.timestamp>=e.minimum&&l.timestamp<=e.maximum):i,[i,e])}}const aT=({consoleModel:n,boundaries:e,onEntryHovered:i,onAccepted:r})=>n.entries.length?S.jsx("div",{className:"console-tab",children:S.jsx(sT,{name:"console",onAccepted:r,onHighlighted:l=>i==null?void 0:i(l?n.entries.indexOf(l):void 0),items:n.entries,isError:l=>l.isError,isWarning:l=>l.isWarning,render:l=>{const o=Et(l.timestamp-e.minimum),u=S.jsx("span",{className:"console-time",children:o}),f=l.isError?"status-error":l.isWarning?"status-warning":"status-none",h=l.browserMessage||l.browserError?S.jsx("span",{className:Fe("codicon","codicon-browser",f),title:"Browser message"}):S.jsx("span",{className:Fe("codicon","codicon-file",f),title:"Runner message"});let g,y,m,w;const{browserMessage:v,browserError:E,nodeMessage:x}=l;if(v&&(g=v.location,y=v.body),E){const{error:_,value:N}=E;_?(y=_.message,w=_.stack):y=String(N)}return x&&(m=x.html),S.jsxs("div",{className:"console-line",children:[u,h,g&&S.jsx("span",{className:"console-location",children:g}),l.repeat>1&&S.jsx("span",{className:"console-repeat",children:l.repeat}),y&&S.jsx("span",{className:"console-line-message",children:y}),m&&S.jsx("span",{className:"console-line-message",dangerouslySetInnerHTML:{__html:m}}),w&&S.jsx("div",{className:"console-stack",children:w})]})}})}):S.jsx(ms,{text:"No console entries"});function lT(n){if(n.length===1)return Ub(n[0].preview);const e=typeof n[0].value=="string"&&n[0].value.includes("%"),i=e?n[0].value:"",r=e?n.slice(1):n;let l=0;const o=/%([%sdifoOc])/g;let u;const f=[];let h=[];f.push(S.jsx("span",{children:h},f.length+1));let g=0;for(;(u=o.exec(i))!==null;){const y=i.substring(g,u.index);h.push(S.jsx("span",{children:y},h.length+1)),g=u.index+2;const m=u[0][1];if(m==="%")h.push(S.jsx("span",{children:"%"},h.length+1));else if(m==="s"||m==="o"||m==="O"||m==="d"||m==="i"||m==="f"){const w=r[l++],v={};typeof(w==null?void 0:w.value)!="string"&&(v.color="var(--vscode-debugTokenExpression-number)"),h.push(S.jsx("span",{style:v,children:(w==null?void 0:w.preview)||""},h.length+1))}else if(m==="c"){h=[];const w=r[l++],v=w?oT(w.preview):{};f.push(S.jsx("span",{style:v,children:h},f.length+1))}}for(g<i.length&&h.push(S.jsx("span",{children:i.substring(g)},h.length+1));l<r.length;l++){const y=r[l],m={};h.length&&h.push(S.jsx("span",{children:" "},h.length+1)),typeof(y==null?void 0:y.value)!="string"&&(m.color="var(--vscode-debugTokenExpression-number)"),h.push(S.jsx("span",{style:m,children:(y==null?void 0:y.preview)||""},h.length+1))}return f}function Ub(n){return[S.jsx("span",{dangerouslySetInnerHTML:{__html:nl(n.trim())}})]}function oT(n){try{const e={},i=n.split(";");for(const r of i){const l=r.trim();if(!l)continue;let[o,u]=l.split(":");if(o=o.trim(),u=u.trim(),!cT(o))continue;const f=o.replace(/-([a-z])/g,h=>h[1].toUpperCase());e[f]=u}return e}catch{return{}}}function cT(n){return["background","border","color","font","line","margin","padding","text"].some(i=>n.startsWith(i))}const jh=({tabs:n,selectedTab:e,setSelectedTab:i,leftToolbar:r,rightToolbar:l,dataTestId:o,mode:u})=>{const f=U.useId();return e||(e=n[0].id),u||(u="default"),S.jsx("div",{className:"tabbed-pane","data-testid":o,children:S.jsxs("div",{className:"vbox",children:[S.jsxs(nd,{children:[r&&S.jsxs("div",{style:{flex:"none",display:"flex",margin:"0:4px",alignItems:"center"},children:[...r]}),u==="default"&&S.jsx("div",{style:{flex:"auto",display:"flex",height:"100%",overflow:"hidden"},role:"tablist",children:[...n.map(h=>S.jsx(Hb,{id:h.id,ariaControls:`${f}-${h.id}`,title:h.title,count:h.count,errorCount:h.errorCount,selected:e===h.id,onSelect:i},h.id))]}),u==="select"&&S.jsx("div",{style:{flex:"auto",display:"flex",height:"100%",overflow:"hidden"},role:"tablist",children:S.jsx("select",{style:{width:"100%",background:"none",cursor:"pointer"},value:e,onChange:h=>{i==null||i(n[h.currentTarget.selectedIndex].id)},children:n.map(h=>{let g="";return h.count&&(g=` (${h.count})`),h.errorCount&&(g=` (${h.errorCount})`),S.jsxs("option",{value:h.id,role:"tab","aria-controls":`${f}-${h.id}`,children:[h.title,g]},h.id)})})}),l&&S.jsxs("div",{style:{flex:"none",display:"flex",alignItems:"center"},children:[...l]})]}),n.map(h=>{const g="tab-content tab-"+h.id;if(h.component)return S.jsx("div",{id:`${f}-${h.id}`,role:"tabpanel","aria-label":h.title,className:g,style:{display:e===h.id?"inherit":"none"},children:h.component},h.id);if(e===h.id)return S.jsx("div",{id:`${f}-${h.id}`,role:"tabpanel","aria-label":h.title,className:g,children:h.render()},h.id)})]})})},Hb=({id:n,title:e,count:i,errorCount:r,selected:l,onSelect:o,ariaControls:u})=>S.jsxs("div",{className:Fe("tabbed-pane-tab",l&&"selected"),onClick:()=>o==null?void 0:o(n),role:"tab",title:e,"aria-controls":u,"aria-selected":l,children:[S.jsx("div",{className:"tabbed-pane-tab-label",children:e}),!!i&&S.jsx("div",{className:"tabbed-pane-tab-counter",children:i}),!!r&&S.jsx("div",{className:"tabbed-pane-tab-counter error",children:r})]});async function uT(n,e){const i=navigator.platform.includes("Win")?"win":"unix";let r=[];const l=new Set(["accept-encoding","host","method","path","scheme","version","authority","protocol"]);function o(w){return'^"'+w.replace(/\\/g,"\\\\").replace(/"/g,'\\"').replace(/[^a-zA-Z0-9\s_\-:=+~'\/.',?;()*`]/g,"^$&").replace(/%(?=[a-zA-Z0-9_])/g,"%^").replace(/[^ -~\r\n]/g," ").replace(/\r?\n|\r/g,`^  react-hooks/immutability

✖ 68 problems (47 errors, 21 warnings)
  0 errors and 20 warnings potentially fixable with the `--fix` option.

