
> avsworklog@0.1.0 typecheck
> tsc --noEmit

app/(dashboard)/debug/page.tsx(830,9): error TS2365: Operator '+=' cannot be applied to types 'number' and 'unknown'.
app/(dashboard)/debug/page.tsx(2103,26): error TS2345: Argument of type '{ module_key: string; notify_in_app: boolean; notify_email: boolean; }' is not assignable to parameter of type '{ id?: string; module_key: string; enabled: boolean; notify_in_app: boolean; notify_email: boolean; }'.
  Property 'enabled' is missing in type '{ module_key: string; notify_in_app: boolean; notify_email: boolean; }' but required in type '{ id?: string; module_key: string; enabled: boolean; notify_in_app: boolean; notify_email: boolean; }'.
app/(dashboard)/fleet/hgvs/[hgvId]/history/page.tsx(1000,23): error TS2769: No overload matches this call.
  Overload 1 of 2, '(props: WorkshopTaskHistoryCardProps, context?: any): string | number | bigint | boolean | ReactElement<unknown, string | JSXElementConstructor<any>> | Iterable<...> | Promise<...> | Component<...>', gave the following error.
    Type 'WorkshopTask' is not assignable to type 'WorkshopTaskData'.
      Types of property 'status_history' are incompatible.
        Type '{ status: string; timestamp: string; userId: string; userName: string; comment?: string; }[]' is not assignable to type 'StatusHistoryEvent[]'.
          Type '{ status: string; timestamp: string; userId: string; userName: string; comment?: string; }' is missing the following properties from type 'StatusHistoryEvent': id, type, created_at, author_id
  Overload 2 of 2, '(props: WorkshopTaskHistoryCardProps): string | number | bigint | boolean | ReactElement<unknown, string | JSXElementConstructor<any>> | Iterable<...> | Promise<...> | Component<...>', gave the following error.
    Type 'WorkshopTask' is not assignable to type 'WorkshopTaskData'.
      Types of property 'status_history' are incompatible.
        Type '{ status: string; timestamp: string; userId: string; userName: string; comment?: string; }[]' is not assignable to type 'StatusHistoryEvent[]'.
          Type '{ status: string; timestamp: string; userId: string; userName: string; comment?: string; }' is missing the following properties from type 'StatusHistoryEvent': id, type, created_at, author_id
app/(dashboard)/fleet/hgvs/[hgvId]/history/page.tsx(1134,28): error TS2339: Property 'currentStatus' does not exist on type '{ tests: { [key: string]: unknown; testDate: string; }[]; }'.
app/(dashboard)/fleet/hgvs/[hgvId]/history/page.tsx(1134,53): error TS2339: Property 'currentStatus' does not exist on type '{ tests: { [key: string]: unknown; testDate: string; }[]; }'.
app/(dashboard)/fleet/hgvs/[hgvId]/history/page.tsx(1134,106): error TS2339: Property 'currentStatus' does not exist on type '{ tests: { [key: string]: unknown; testDate: string; }[]; }'.
app/(dashboard)/fleet/hgvs/[hgvId]/history/page.tsx(1146,97): error TS2339: Property 'currentStatus' does not exist on type '{ tests: { [key: string]: unknown; testDate: string; }[]; }'.
app/(dashboard)/fleet/hgvs/[hgvId]/history/page.tsx(1150,76): error TS2339: Property 'currentStatus' does not exist on type '{ tests: { [key: string]: unknown; testDate: string; }[]; }'.
app/(dashboard)/fleet/hgvs/[hgvId]/history/page.tsx(1151,40): error TS2339: Property 'currentStatus' does not exist on type '{ tests: { [key: string]: unknown; testDate: string; }[]; }'.
app/(dashboard)/fleet/hgvs/[hgvId]/history/page.tsx(1156,86): error TS2339: Property 'currentStatus' does not exist on type '{ tests: { [key: string]: unknown; testDate: string; }[]; }'.
app/(dashboard)/fleet/hgvs/[hgvId]/history/page.tsx(1160,97): error TS2339: Property 'currentStatus' does not exist on type '{ tests: { [key: string]: unknown; testDate: string; }[]; }'.
app/(dashboard)/fleet/hgvs/[hgvId]/history/page.tsx(1172,42): error TS2345: Argument of type '(test: { motTestNumber: string; testResult: string; completedDate: string; expiryDate?: string; odometerValue?: number; odometerUnit?: string; testStationName?: string; testStationPcode?: string; defects?: Array<{ type: string; text: string; locationLateral?: string; }>; }) => JSX.Element' is not assignable to parameter of type '(value: { [key: string]: unknown; testDate: string; }, index: number, array: { [key: string]: unknown; testDate: string; }[]) => Element'.
  Types of parameters 'test' and 'value' are incompatible.
    Type '{ [key: string]: unknown; testDate: string; }' is missing the following properties from type '{ motTestNumber: string; testResult: string; completedDate: string; expiryDate?: string; odometerValue?: number; odometerUnit?: string; testStationName?: string; testStationPcode?: string; defects?: { ...; }[]; }': motTestNumber, testResult, completedDate
app/(dashboard)/fleet/vans/[vanId]/history/page.tsx(1126,23): error TS2769: No overload matches this call.
  Overload 1 of 2, '(props: WorkshopTaskHistoryCardProps, context?: any): string | number | bigint | boolean | ReactElement<unknown, string | JSXElementConstructor<any>> | Iterable<...> | Promise<...> | Component<...>', gave the following error.
    Type 'WorkshopTask' is not assignable to type 'WorkshopTaskData'.
      Types of property 'status_history' are incompatible.
        Type '{ status: string; timestamp: string; userId: string; userName: string; comment?: string; }[]' is not assignable to type 'StatusHistoryEvent[]'.
          Type '{ status: string; timestamp: string; userId: string; userName: string; comment?: string; }' is missing the following properties from type 'StatusHistoryEvent': id, type, created_at, author_id
  Overload 2 of 2, '(props: WorkshopTaskHistoryCardProps): string | number | bigint | boolean | ReactElement<unknown, string | JSXElementConstructor<any>> | Iterable<...> | Promise<...> | Component<...>', gave the following error.
    Type 'WorkshopTask' is not assignable to type 'WorkshopTaskData'.
      Types of property 'status_history' are incompatible.
        Type '{ status: string; timestamp: string; userId: string; userName: string; comment?: string; }[]' is not assignable to type 'StatusHistoryEvent[]'.
          Type '{ status: string; timestamp: string; userId: string; userName: string; comment?: string; }' is missing the following properties from type 'StatusHistoryEvent': id, type, created_at, author_id
app/(dashboard)/fleet/vans/[vanId]/history/page.tsx(1220,28): error TS2339: Property 'currentStatus' does not exist on type '{ tests: { [key: string]: unknown; testDate: string; }[]; }'.
app/(dashboard)/fleet/vans/[vanId]/history/page.tsx(1220,53): error TS2339: Property 'currentStatus' does not exist on type '{ tests: { [key: string]: unknown; testDate: string; }[]; }'.
app/(dashboard)/fleet/vans/[vanId]/history/page.tsx(1220,106): error TS2339: Property 'currentStatus' does not exist on type '{ tests: { [key: string]: unknown; testDate: string; }[]; }'.
app/(dashboard)/fleet/vans/[vanId]/history/page.tsx(1232,97): error TS2339: Property 'currentStatus' does not exist on type '{ tests: { [key: string]: unknown; testDate: string; }[]; }'.
app/(dashboard)/fleet/vans/[vanId]/history/page.tsx(1236,76): error TS2339: Property 'currentStatus' does not exist on type '{ tests: { [key: string]: unknown; testDate: string; }[]; }'.
app/(dashboard)/fleet/vans/[vanId]/history/page.tsx(1237,40): error TS2339: Property 'currentStatus' does not exist on type '{ tests: { [key: string]: unknown; testDate: string; }[]; }'.
app/(dashboard)/fleet/vans/[vanId]/history/page.tsx(1242,86): error TS2339: Property 'currentStatus' does not exist on type '{ tests: { [key: string]: unknown; testDate: string; }[]; }'.
app/(dashboard)/fleet/vans/[vanId]/history/page.tsx(1246,97): error TS2339: Property 'currentStatus' does not exist on type '{ tests: { [key: string]: unknown; testDate: string; }[]; }'.
app/(dashboard)/fleet/vans/[vanId]/history/page.tsx(1258,42): error TS2345: Argument of type '(test: { motTestNumber: string; testResult: string; completedDate: string; expiryDate?: string; odometerValue?: number; odometerUnit?: string; testStationName?: string; testStationPcode?: string; defects?: Array<{ type: string; text: string; locationLateral?: string; }>; }) => JSX.Element' is not assignable to parameter of type '(value: { [key: string]: unknown; testDate: string; }, index: number, array: { [key: string]: unknown; testDate: string; }[]) => Element'.
  Types of parameters 'test' and 'value' are incompatible.
    Type '{ [key: string]: unknown; testDate: string; }' is missing the following properties from type '{ motTestNumber: string; testResult: string; completedDate: string; expiryDate?: string; odometerValue?: number; odometerUnit?: string; testStationName?: string; testStationPcode?: string; defects?: { ...; }[]; }': motTestNumber, testResult, completedDate
app/(dashboard)/maintenance/components/CategoryDialog.tsx(37,11): error TS2769: No overload matches this call.
  Overload 1 of 2, '(values: readonly ["date", "mileage", "hours"], params?: string | { error?: string | $ZodErrorMap<$ZodIssueInvalidValue<unknown>>; message?: string; }): ZodEnum<...>', gave the following error.
    Object literal may only specify known properties, and 'required_error' does not exist in type '{ error?: string | $ZodErrorMap<$ZodIssueInvalidValue<unknown>>; message?: string; }'.
  Overload 2 of 2, '(entries: Readonly<Record<string, EnumValue>>, params?: string | { error?: string | $ZodErrorMap<$ZodIssueInvalidValue<unknown>>; message?: string; }): ZodEnum<...>', gave the following error.
    Argument of type 'string[]' is not assignable to parameter of type 'Readonly<Record<string, EnumValue>>'.
      Index signature for type 'string' is missing in type 'string[]'.
app/(dashboard)/maintenance/components/CategoryDialog.tsx(131,5): error TS2322: Type 'Resolver<{ name: string; type: "date" | "mileage" | "hours"; period_value: unknown; description?: string; alert_threshold_days?: unknown; alert_threshold_miles?: unknown; alert_threshold_hours?: unknown; applies_to?: ("van" | "plant" | "hgv")[]; ... 4 more ...; reminder_email_enabled?: boolean; } | { ...; }, any, { ...' is not assignable to type 'Resolver<{ name: string; type: "date" | "mileage" | "hours"; period_value: number; applies_to: ("van" | "plant" | "hgv")[]; responsibility: "workshop" | "office"; show_on_overview: boolean; reminder_in_app_enabled: boolean; ... 5 more ...; is_active?: boolean; }, any, { ...; }>'.
  Types of parameters 'options' and 'options' are incompatible.
    Type 'ResolverOptions<{ name: string; type: "date" | "mileage" | "hours"; period_value: number; applies_to: ("van" | "plant" | "hgv")[]; responsibility: "workshop" | "office"; show_on_overview: boolean; reminder_in_app_enabled: boolean; ... 5 more ...; is_active?: boolean; }>' is not assignable to type 'ResolverOptions<{ name: string; type: "date" | "mileage" | "hours"; period_value: unknown; description?: string; alert_threshold_days?: unknown; alert_threshold_miles?: unknown; alert_threshold_hours?: unknown; applies_to?: ("van" | "plant" | "hgv")[]; ... 4 more ...; reminder_email_enabled?: boolean; } | { ...; }>'.
      Types of property 'names' are incompatible.
        Type 'string[]' is not assignable to type '("name" | "type" | "description" | "applies_to" | "is_active" | "period_value" | "alert_threshold_days" | "alert_threshold_miles" | "alert_threshold_hours" | "responsibility" | "show_on_overview" | "reminder_in_app_enabled" | "reminder_email_enabled")[]'.
          Type 'string' is not assignable to type '"name" | "type" | "description" | "applies_to" | "is_active" | "period_value" | "alert_threshold_days" | "alert_threshold_miles" | "alert_threshold_hours" | "responsibility" | "show_on_overview" | "reminder_in_app_enabled" | "reminder_email_enabled"'.
app/(dashboard)/maintenance/components/CategoryDialog.tsx(272,38): error TS2345: Argument of type '(data: CategoryFormData) => Promise<void>' is not assignable to parameter of type 'SubmitHandler<TFieldValues>'.
  Types of parameters 'data' and 'data' are incompatible.
    Type 'TFieldValues' is not assignable to type '{ name: string; type: "date" | "mileage" | "hours"; period_value: number; applies_to: ("van" | "plant" | "hgv")[]; responsibility: "workshop" | "office"; show_on_overview: boolean; reminder_in_app_enabled: boolean; ... 5 more ...; is_active?: boolean; }'.
      Type 'FieldValues' is missing the following properties from type '{ name: string; type: "date" | "mileage" | "hours"; period_value: number; applies_to: ("van" | "plant" | "hgv")[]; responsibility: "workshop" | "office"; show_on_overview: boolean; reminder_in_app_enabled: boolean; ... 5 more ...; is_active?: boolean; }': name, type, period_value, applies_to, and 4 more.
app/(dashboard)/maintenance/components/EditMaintenanceDialog.tsx(115,5): error TS2322: Type 'Resolver<{ comment: string; nickname?: string; current_mileage?: unknown; tax_due_date?: string; mot_due_date?: string; first_aid_kit_expiry?: string; six_weekly_inspection_due_date?: string; fire_extinguisher_due_date?: string; ... 7 more ...; tracker_id?: string; }, any, { ...; }>' is not assignable to type 'Resolver<{ comment: string; nickname?: string; current_mileage?: number; tax_due_date?: string; mot_due_date?: string; first_aid_kit_expiry?: string; six_weekly_inspection_due_date?: string; fire_extinguisher_due_date?: string; ... 7 more ...; tracker_id?: string; }, any, { ...; }>'.
  Types of parameters 'options' and 'options' are incompatible.
    Type 'ResolverOptions<{ comment: string; nickname?: string; current_mileage?: number; tax_due_date?: string; mot_due_date?: string; first_aid_kit_expiry?: string; six_weekly_inspection_due_date?: string; fire_extinguisher_due_date?: string; ... 7 more ...; tracker_id?: string; }>' is not assignable to type 'ResolverOptions<{ comment: string; nickname?: string; current_mileage?: unknown; tax_due_date?: string; mot_due_date?: string; first_aid_kit_expiry?: string; six_weekly_inspection_due_date?: string; fire_extinguisher_due_date?: string; ... 7 more ...; tracker_id?: string; }>'.
      Type 'unknown' is not assignable to type 'number'.
app/(dashboard)/maintenance/components/EditMaintenanceDialog.tsx(269,38): error TS2345: Argument of type '(data: EditMaintenanceFormData) => Promise<void>' is not assignable to parameter of type 'SubmitHandler<TFieldValues>'.
  Types of parameters 'data' and 'data' are incompatible.
    Type 'TFieldValues' is not assignable to type '{ comment: string; nickname?: string; current_mileage?: number; tax_due_date?: string; mot_due_date?: string; first_aid_kit_expiry?: string; six_weekly_inspection_due_date?: string; fire_extinguisher_due_date?: string; ... 7 more ...; tracker_id?: string; }'.
      Property 'comment' is missing in type 'FieldValues' but required in type '{ comment: string; nickname?: string; current_mileage?: number; tax_due_date?: string; mot_due_date?: string; first_aid_kit_expiry?: string; six_weekly_inspection_due_date?: string; fire_extinguisher_due_date?: string; ... 7 more ...; tracker_id?: string; }'.
app/(dashboard)/maintenance/components/EditPlantRecordDialog.tsx(133,5): error TS2322: Type 'Resolver<{ comment: string; nickname?: string; serial_number?: string; current_hours?: unknown; last_service_hours?: unknown; next_service_hours?: unknown; loler_due_date?: string; loler_last_inspection_date?: string; loler_certificate_number?: string; loler_inspection_interval_months?: unknown; tracker_id?: string;...' is not assignable to type 'Resolver<{ comment: string; nickname?: string; serial_number?: string; current_hours?: number; last_service_hours?: number; next_service_hours?: number; loler_due_date?: string; loler_last_inspection_date?: string; loler_certificate_number?: string; loler_inspection_interval_months?: number; tracker_id?: string; }, ...'.
  Types of parameters 'options' and 'options' are incompatible.
    Type 'ResolverOptions<{ comment: string; nickname?: string; serial_number?: string; current_hours?: number; last_service_hours?: number; next_service_hours?: number; loler_due_date?: string; loler_last_inspection_date?: string; loler_certificate_number?: string; loler_inspection_interval_months?: number; tracker_id?: stri...' is not assignable to type 'ResolverOptions<{ comment: string; nickname?: string; serial_number?: string; current_hours?: unknown; last_service_hours?: unknown; next_service_hours?: unknown; loler_due_date?: string; loler_last_inspection_date?: string; loler_certificate_number?: string; loler_inspection_interval_months?: unknown; tracker_id?: ...'.
      Type 'unknown' is not assignable to type 'number'.
app/(dashboard)/maintenance/components/EditPlantRecordDialog.tsx(569,38): error TS2345: Argument of type '(data: EditPlantRecordFormData) => Promise<void>' is not assignable to parameter of type 'SubmitHandler<TFieldValues>'.
  Types of parameters 'data' and 'data' are incompatible.
    Type 'TFieldValues' is not assignable to type '{ comment: string; nickname?: string; serial_number?: string; current_hours?: number; last_service_hours?: number; next_service_hours?: number; loler_due_date?: string; loler_last_inspection_date?: string; loler_certificate_number?: string; loler_inspection_interval_months?: number; tracker_id?: string; }'.
      Property 'comment' is missing in type 'FieldValues' but required in type '{ comment: string; nickname?: string; serial_number?: string; current_hours?: number; last_service_hours?: number; next_service_hours?: number; loler_due_date?: string; loler_last_inspection_date?: string; loler_certificate_number?: string; loler_inspection_interval_months?: number; tracker_id?: string; }'.
app/(dashboard)/maintenance/components/MaintenanceHistoryDialog.tsx(380,49): error TS2339: Property 'mot_make' does not exist on type '{ ves_make: string; ves_colour: string; ves_fuel_type: string; ves_year_of_manufacture: number; ves_engine_capacity: number; ves_tax_status: string; ves_mot_status: string; ves_co2_emissions: number; ... 9 more ...; last_dvla_sync: string; }'.
app/(dashboard)/maintenance/components/MaintenanceHistoryDialog.tsx(383,98): error TS2339: Property 'mot_make' does not exist on type '{ ves_make: string; ves_colour: string; ves_fuel_type: string; ves_year_of_manufacture: number; ves_engine_capacity: number; ves_tax_status: string; ves_mot_status: string; ves_co2_emissions: number; ... 9 more ...; last_dvla_sync: string; }'.
app/(dashboard)/maintenance/components/MaintenanceHistoryDialog.tsx(388,28): error TS2339: Property 'mot_model' does not exist on type '{ ves_make: string; ves_colour: string; ves_fuel_type: string; ves_year_of_manufacture: number; ves_engine_capacity: number; ves_tax_status: string; ves_mot_status: string; ves_co2_emissions: number; ... 9 more ...; last_dvla_sync: string; }'.
app/(dashboard)/maintenance/components/MaintenanceHistoryDialog.tsx(391,78): error TS2339: Property 'mot_model' does not exist on type '{ ves_make: string; ves_colour: string; ves_fuel_type: string; ves_year_of_manufacture: number; ves_engine_capacity: number; ves_tax_status: string; ves_mot_status: string; ves_co2_emissions: number; ... 9 more ...; last_dvla_sync: string; }'.
app/(dashboard)/maintenance/components/MaintenanceHistoryDialog.tsx(396,51): error TS2339: Property 'mot_primary_colour' does not exist on type '{ ves_make: string; ves_colour: string; ves_fuel_type: string; ves_year_of_manufacture: number; ves_engine_capacity: number; ves_tax_status: string; ves_mot_status: string; ves_co2_emissions: number; ... 9 more ...; last_dvla_sync: string; }'.
app/(dashboard)/maintenance/components/MaintenanceHistoryDialog.tsx(399,100): error TS2339: Property 'mot_primary_colour' does not exist on type '{ ves_make: string; ves_colour: string; ves_fuel_type: string; ves_year_of_manufacture: number; ves_engine_capacity: number; ves_tax_status: string; ves_mot_status: string; ves_co2_emissions: number; ... 9 more ...; last_dvla_sync: string; }'.
app/(dashboard)/maintenance/components/MaintenanceHistoryDialog.tsx(404,64): error TS2551: Property 'mot_year_of_manufacture' does not exist on type '{ ves_make: string; ves_colour: string; ves_fuel_type: string; ves_year_of_manufacture: number; ves_engine_capacity: number; ves_tax_status: string; ves_mot_status: string; ves_co2_emissions: number; ... 9 more ...; last_dvla_sync: string; }'. Did you mean 'ves_year_of_manufacture'?
app/(dashboard)/maintenance/components/MaintenanceHistoryDialog.tsx(407,113): error TS2551: Property 'mot_year_of_manufacture' does not exist on type '{ ves_make: string; ves_colour: string; ves_fuel_type: string; ves_year_of_manufacture: number; ves_engine_capacity: number; ves_tax_status: string; ves_mot_status: string; ves_co2_emissions: number; ... 9 more ...; last_dvla_sync: string; }'. Did you mean 'ves_year_of_manufacture'?
app/(dashboard)/maintenance/components/MaintenanceHistoryDialog.tsx(412,54): error TS2339: Property 'mot_fuel_type' does not exist on type '{ ves_make: string; ves_colour: string; ves_fuel_type: string; ves_year_of_manufacture: number; ves_engine_capacity: number; ves_tax_status: string; ves_mot_status: string; ves_co2_emissions: number; ... 9 more ...; last_dvla_sync: string; }'.
app/(dashboard)/maintenance/components/MaintenanceHistoryDialog.tsx(415,103): error TS2339: Property 'mot_fuel_type' does not exist on type '{ ves_make: string; ves_colour: string; ves_fuel_type: string; ves_year_of_manufacture: number; ves_engine_capacity: number; ves_tax_status: string; ves_mot_status: string; ves_co2_emissions: number; ... 9 more ...; last_dvla_sync: string; }'.
app/(dashboard)/maintenance/components/MaintenanceHistoryDialog.tsx(420,28): error TS2339: Property 'mot_first_used_date' does not exist on type '{ ves_make: string; ves_colour: string; ves_fuel_type: string; ves_year_of_manufacture: number; ves_engine_capacity: number; ves_tax_status: string; ves_mot_status: string; ves_co2_emissions: number; ... 9 more ...; last_dvla_sync: string; }'.
app/(dashboard)/maintenance/components/MaintenanceHistoryDialog.tsx(423,100): error TS2339: Property 'mot_first_used_date' does not exist on type '{ ves_make: string; ves_colour: string; ves_fuel_type: string; ves_year_of_manufacture: number; ves_engine_capacity: number; ves_tax_status: string; ves_mot_status: string; ves_co2_emissions: number; ... 9 more ...; last_dvla_sync: string; }'.
app/(dashboard)/maintenance/components/MaintenanceHistoryDialog.tsx(460,28): error TS2551: Property 'mot_due_date' does not exist on type '{ ves_make: string; ves_colour: string; ves_fuel_type: string; ves_year_of_manufacture: number; ves_engine_capacity: number; ves_tax_status: string; ves_mot_status: string; ves_co2_emissions: number; ... 9 more ...; last_dvla_sync: string; }'. Did you mean 'tax_due_date'?
app/(dashboard)/maintenance/components/MaintenanceHistoryDialog.tsx(463,100): error TS2551: Property 'mot_due_date' does not exist on type '{ ves_make: string; ves_colour: string; ves_fuel_type: string; ves_year_of_manufacture: number; ves_engine_capacity: number; ves_tax_status: string; ves_mot_status: string; ves_co2_emissions: number; ... 9 more ...; last_dvla_sync: string; }'. Did you mean 'tax_due_date'?
app/(dashboard)/maintenance/components/MaintenanceHistoryDialog.tsx(560,38): error TS2551: Property 'mot_due_date' does not exist on type '{ ves_make: string; ves_colour: string; ves_fuel_type: string; ves_year_of_manufacture: number; ves_engine_capacity: number; ves_tax_status: string; ves_mot_status: string; ves_co2_emissions: number; ... 9 more ...; last_dvla_sync: string; }'. Did you mean 'tax_due_date'?
app/(dashboard)/maintenance/components/MaintenanceOverview.tsx(448,40): error TS2345: Argument of type 'string' is not assignable to parameter of type 'AlertType'.
app/(dashboard)/maintenance/components/MaintenanceOverview.tsx(1033,54): error TS2345: Argument of type 'string' is not assignable to parameter of type 'AlertType'.
app/(dashboard)/maintenance/components/MaintenanceOverview.tsx(1219,54): error TS2345: Argument of type 'string' is not assignable to parameter of type 'AlertType'.
app/(dashboard)/maintenance/components/MaintenanceOverview.tsx(1497,9): error TS2322: Type '"Tax" | "MOT" | "Service" | "Cambelt" | "First Aid Kit" | "LOLER"' is not assignable to type '"Tax" | "MOT" | "Service" | "Cambelt" | "First Aid Kit"'.
  Type '"LOLER"' is not assignable to type '"Tax" | "MOT" | "Service" | "Cambelt" | "First Aid Kit"'.
app/(dashboard)/maintenance/components/MaintenanceOverview.tsx(1510,11): error TS2322: Type '"Tax" | "MOT" | "Service" | "Cambelt" | "First Aid Kit" | "LOLER"' is not assignable to type '"Tax" | "MOT" | "Service" | "Cambelt" | "First Aid Kit"'.
  Type '"LOLER"' is not assignable to type '"Tax" | "MOT" | "Service" | "Cambelt" | "First Aid Kit"'.
app/(dashboard)/maintenance/components/MaintenanceOverview.tsx(1568,9): error TS2322: Type 'WorkshopTask' is not assignable to type 'TaskForCompletion'.
  Property 'van_id' is optional in type 'WorkshopTask' but required in type 'TaskForCompletion'.
app/(dashboard)/maintenance/components/MaintenanceTable.tsx(739,94): error TS2551: Property 'next_service_status' does not exist on type 'VehicleMaintenanceWithStatus'. Did you mean 'service_status'?
app/(dashboard)/maintenance/components/PlantOverview.tsx(138,7): error TS2322: Type 'PlantMaintenanceWithStatus[]' is not assignable to type 'VehicleMaintenanceWithStatus[]'.
  Type 'PlantMaintenanceWithStatus' is missing the following properties from type 'VehicleMaintenanceWithStatus': id, tax_due_date, mot_due_date, first_aid_kit_expiry, and 50 more.
app/(dashboard)/plant-inspections/[id]/page.tsx(197,29): error TS2339: Property 'day_of_week' does not exist on type 'InspectionItem'.
app/(dashboard)/plant-inspections/[id]/page.tsx(308,55): error TS2339: Property 'day_of_week' does not exist on type 'InspectionItem'.
app/(dashboard)/plant-inspections/[id]/page.tsx(477,68): error TS2339: Property 'day_of_week' does not exist on type 'InspectionItem'.
app/(dashboard)/plant-inspections/[id]/page.tsx(816,25): error TS2339: Property 'day_of_week' does not exist on type 'InspectionItem'.
app/(dashboard)/plant-inspections/[id]/page.tsx(816,43): error TS2339: Property 'day_of_week' does not exist on type 'InspectionItem'.
app/(dashboard)/plant-inspections/[id]/page.tsx(817,31): error TS2339: Property 'day_of_week' does not exist on type 'InspectionItem'.
app/(dashboard)/plant-inspections/[id]/page.tsx(817,54): error TS2339: Property 'day_of_week' does not exist on type 'InspectionItem'.
app/(dashboard)/plant-inspections/[id]/page.tsx(823,62): error TS2339: Property 'day_of_week' does not exist on type 'InspectionItem'.
app/(dashboard)/plant-inspections/[id]/page.tsx(823,94): error TS2339: Property 'day_of_week' does not exist on type 'InspectionItem'.
app/(dashboard)/plant-inspections/[id]/page.tsx(830,56): error TS2339: Property 'day_of_week' does not exist on type 'InspectionItem'.
app/(dashboard)/plant-inspections/new/page.tsx(633,9): error TS2739: Type '{ id: string; }' is missing the following properties from type 'InspectionWithRelations': user_id, plant_id, inspection_date, inspection_end_date, status
app/(dashboard)/plant-inspections/page.tsx(536,20): error TS2367: This comparison appears to be unintentional because the types '"submitted"' and '"rejected"' have no overlap.
app/(dashboard)/plant-inspections/page.tsx(541,21): error TS2367: This comparison appears to be unintentional because the types '"submitted"' and '"approved"' have no overlap.
app/(dashboard)/timesheets/[id]/page.tsx(947,35): error TS2339: Property 'profile' does not exist on type 'Timesheet'.
app/(dashboard)/timesheets/components/ConfirmationModal.tsx(140,20): error TS2322: Type '"warning"' is not assignable to type '"default" | "destructive"'.
app/(dashboard)/timesheets/components/ConfirmationModal.tsx(203,34): error TS2339: Property 'night_shift' does not exist on type 'TimesheetEntry'.
app/(dashboard)/timesheets/components/ConfirmationModal.tsx(208,34): error TS2339: Property 'bank_holiday' does not exist on type 'TimesheetEntry'.
app/(dashboard)/timesheets/types/civils/CivilsTimesheet.tsx(398,44): error TS2339: Property 'is_super_admin' does not exist on type 'Profile'.
app/(dashboard)/van-inspections/[id]/page.tsx(165,29): error TS2339: Property 'day_of_week' does not exist on type 'InspectionItem'.
app/(dashboard)/van-inspections/[id]/page.tsx(274,57): error TS2339: Property 'day_of_week' does not exist on type 'InspectionItem'.
app/(dashboard)/van-inspections/[id]/page.tsx(337,10): error TS2352: Conversion of type 'Window & typeof globalThis' to type 'Window & { errorLogger: { logError: (opts: unknown) => void; }; }' may be a mistake because neither type sufficiently overlaps with the other. If this was intentional, convert the expression to 'unknown' first.
  Property 'errorLogger' is missing in type 'Window & typeof globalThis' but required in type '{ errorLogger: { logError: (opts: unknown) => void; }; }'.
app/(dashboard)/van-inspections/[id]/page.tsx(599,59): error TS2339: Property 'day_of_week' does not exist on type 'InspectionItem'.
app/(dashboard)/van-inspections/[id]/page.tsx(619,68): error TS2339: Property 'day_of_week' does not exist on type 'InspectionItem'.
app/(dashboard)/van-inspections/[id]/page.tsx(984,25): error TS2339: Property 'day_of_week' does not exist on type 'InspectionItem'.
app/(dashboard)/van-inspections/[id]/page.tsx(984,43): error TS2339: Property 'day_of_week' does not exist on type 'InspectionItem'.
app/(dashboard)/van-inspections/[id]/page.tsx(985,31): error TS2339: Property 'day_of_week' does not exist on type 'InspectionItem'.
app/(dashboard)/van-inspections/[id]/page.tsx(985,54): error TS2339: Property 'day_of_week' does not exist on type 'InspectionItem'.
app/(dashboard)/van-inspections/[id]/page.tsx(991,40): error TS2339: Property 'day_of_week' does not exist on type 'InspectionItem'.
app/(dashboard)/van-inspections/[id]/page.tsx(991,68): error TS2339: Property 'day_of_week' does not exist on type 'InspectionItem'.
app/(dashboard)/van-inspections/[id]/page.tsx(998,56): error TS2339: Property 'day_of_week' does not exist on type 'InspectionItem'.
app/(dashboard)/van-inspections/new/page.tsx(948,9): error TS2740: Type '{ id: string; }' is missing the following properties from type 'InspectionWithRelations': user_id, van_id, inspection_date, inspection_end_date, and 2 more.
app/(dashboard)/van-inspections/page.tsx(448,87): error TS2345: Argument of type 'Vehicle[]' is not assignable to parameter of type 'VehicleWithRecent[]'.
  Type 'Vehicle' is not assignable to type 'VehicleWithRecent'.
    Index signature for type 'string' is missing in type 'Vehicle'.
app/(dashboard)/van-inspections/page.tsx(459,62): error TS2339: Property 'name' does not exist on type 'unknown'.
app/(dashboard)/van-inspections/page.tsx(459,98): error TS2339: Property 'name' does not exist on type 'unknown'.
app/(dashboard)/van-inspections/page.tsx(475,62): error TS2339: Property 'name' does not exist on type 'unknown'.
app/(dashboard)/van-inspections/page.tsx(475,98): error TS2339: Property 'name' does not exist on type 'unknown'.
app/(dashboard)/van-inspections/page.tsx(592,20): error TS2367: This comparison appears to be unintentional because the types '"submitted" | "draft"' and '"rejected"' have no overlap.
app/(dashboard)/van-inspections/page.tsx(598,21): error TS2367: This comparison appears to be unintentional because the types '"submitted" | "draft"' and '"approved"' have no overlap.
app/(dashboard)/workshop-tasks/page.tsx(1479,21): error TS2339: Property 'plant' does not exist on type 'Action'.
app/(dashboard)/workshop-tasks/page.tsx(1480,35): error TS2339: Property 'plant' does not exist on type 'Action'.
app/(dashboard)/workshop-tasks/page.tsx(1627,33): error TS2345: Argument of type 'unknown' is not assignable to parameter of type 'SetStateAction<ErrorDetailsResponse<unknown>>'.
app/(dashboard)/workshop-tasks/page.tsx(1893,43): error TS2551: Property 'workshop_task_subcategories' does not exist on type 'Action'. Did you mean 'workshop_task_categories'?
app/(dashboard)/workshop-tasks/page.tsx(1895,47): error TS2551: Property 'workshop_task_subcategories' does not exist on type 'Action'. Did you mean 'workshop_task_categories'?
app/(dashboard)/workshop-tasks/page.tsx(1898,43): error TS2551: Property 'workshop_task_subcategories' does not exist on type 'Action'. Did you mean 'workshop_task_categories'?
app/(dashboard)/workshop-tasks/page.tsx(1900,47): error TS2551: Property 'workshop_task_subcategories' does not exist on type 'Action'. Did you mean 'workshop_task_categories'?
app/(dashboard)/workshop-tasks/page.tsx(2051,43): error TS2551: Property 'workshop_task_subcategories' does not exist on type 'Action'. Did you mean 'workshop_task_categories'?
app/(dashboard)/workshop-tasks/page.tsx(2053,47): error TS2551: Property 'workshop_task_subcategories' does not exist on type 'Action'. Did you mean 'workshop_task_categories'?
app/(dashboard)/workshop-tasks/page.tsx(2056,43): error TS2551: Property 'workshop_task_subcategories' does not exist on type 'Action'. Did you mean 'workshop_task_categories'?
app/(dashboard)/workshop-tasks/page.tsx(2058,47): error TS2551: Property 'workshop_task_subcategories' does not exist on type 'Action'. Did you mean 'workshop_task_categories'?
app/(dashboard)/workshop-tasks/page.tsx(2225,43): error TS2551: Property 'workshop_task_subcategories' does not exist on type 'Action'. Did you mean 'workshop_task_categories'?
app/(dashboard)/workshop-tasks/page.tsx(2227,47): error TS2551: Property 'workshop_task_subcategories' does not exist on type 'Action'. Did you mean 'workshop_task_categories'?
app/(dashboard)/workshop-tasks/page.tsx(2230,43): error TS2551: Property 'workshop_task_subcategories' does not exist on type 'Action'. Did you mean 'workshop_task_categories'?
app/(dashboard)/workshop-tasks/page.tsx(2232,47): error TS2551: Property 'workshop_task_subcategories' does not exist on type 'Action'. Did you mean 'workshop_task_categories'?
app/(dashboard)/workshop-tasks/page.tsx(2565,43): error TS2551: Property 'workshop_task_subcategories' does not exist on type 'Action'. Did you mean 'workshop_task_categories'?
app/(dashboard)/workshop-tasks/page.tsx(2567,47): error TS2551: Property 'workshop_task_subcategories' does not exist on type 'Action'. Did you mean 'workshop_task_categories'?
app/(dashboard)/workshop-tasks/page.tsx(2570,43): error TS2551: Property 'workshop_task_subcategories' does not exist on type 'Action'. Did you mean 'workshop_task_categories'?
app/(dashboard)/workshop-tasks/page.tsx(2572,47): error TS2551: Property 'workshop_task_subcategories' does not exist on type 'Action'. Did you mean 'workshop_task_categories'?
app/(dashboard)/workshop-tasks/page.tsx(2723,43): error TS2551: Property 'workshop_task_subcategories' does not exist on type 'Action'. Did you mean 'workshop_task_categories'?
app/(dashboard)/workshop-tasks/page.tsx(2725,47): error TS2551: Property 'workshop_task_subcategories' does not exist on type 'Action'. Did you mean 'workshop_task_categories'?
app/(dashboard)/workshop-tasks/page.tsx(2728,43): error TS2551: Property 'workshop_task_subcategories' does not exist on type 'Action'. Did you mean 'workshop_task_categories'?
app/(dashboard)/workshop-tasks/page.tsx(2730,47): error TS2551: Property 'workshop_task_subcategories' does not exist on type 'Action'. Did you mean 'workshop_task_categories'?
app/(dashboard)/workshop-tasks/page.tsx(2902,43): error TS2551: Property 'workshop_task_subcategories' does not exist on type 'Action'. Did you mean 'workshop_task_categories'?
app/(dashboard)/workshop-tasks/page.tsx(2904,47): error TS2551: Property 'workshop_task_subcategories' does not exist on type 'Action'. Did you mean 'workshop_task_categories'?
app/(dashboard)/workshop-tasks/page.tsx(2907,43): error TS2551: Property 'workshop_task_subcategories' does not exist on type 'Action'. Did you mean 'workshop_task_categories'?
app/(dashboard)/workshop-tasks/page.tsx(2909,47): error TS2551: Property 'workshop_task_subcategories' does not exist on type 'Action'. Did you mean 'workshop_task_categories'?
app/(dashboard)/workshop-tasks/page.tsx(3241,43): error TS2551: Property 'workshop_task_subcategories' does not exist on type 'Action'. Did you mean 'workshop_task_categories'?
app/(dashboard)/workshop-tasks/page.tsx(3243,47): error TS2551: Property 'workshop_task_subcategories' does not exist on type 'Action'. Did you mean 'workshop_task_categories'?
app/(dashboard)/workshop-tasks/page.tsx(3246,43): error TS2551: Property 'workshop_task_subcategories' does not exist on type 'Action'. Did you mean 'workshop_task_categories'?
app/(dashboard)/workshop-tasks/page.tsx(3248,47): error TS2551: Property 'workshop_task_subcategories' does not exist on type 'Action'. Did you mean 'workshop_task_categories'?
app/(dashboard)/workshop-tasks/page.tsx(3387,43): error TS2551: Property 'workshop_task_subcategories' does not exist on type 'Action'. Did you mean 'workshop_task_categories'?
app/(dashboard)/workshop-tasks/page.tsx(3389,47): error TS2551: Property 'workshop_task_subcategories' does not exist on type 'Action'. Did you mean 'workshop_task_categories'?
app/(dashboard)/workshop-tasks/page.tsx(3392,43): error TS2551: Property 'workshop_task_subcategories' does not exist on type 'Action'. Did you mean 'workshop_task_categories'?
app/(dashboard)/workshop-tasks/page.tsx(3394,47): error TS2551: Property 'workshop_task_subcategories' does not exist on type 'Action'. Did you mean 'workshop_task_categories'?
app/(dashboard)/workshop-tasks/page.tsx(3549,43): error TS2551: Property 'workshop_task_subcategories' does not exist on type 'Action'. Did you mean 'workshop_task_categories'?
app/(dashboard)/workshop-tasks/page.tsx(3551,47): error TS2551: Property 'workshop_task_subcategories' does not exist on type 'Action'. Did you mean 'workshop_task_categories'?
app/(dashboard)/workshop-tasks/page.tsx(3554,43): error TS2551: Property 'workshop_task_subcategories' does not exist on type 'Action'. Did you mean 'workshop_task_categories'?
app/(dashboard)/workshop-tasks/page.tsx(3556,47): error TS2551: Property 'workshop_task_subcategories' does not exist on type 'Action'. Did you mean 'workshop_task_categories'?
app/(dashboard)/workshop-tasks/page.tsx(4538,9): error TS2769: No overload matches this call.
  Overload 1 of 2, '(props: WorkshopTaskModalProps, context?: any): string | number | bigint | boolean | ReactElement<unknown, string | JSXElementConstructor<any>> | Iterable<...> | Promise<...> | Component<...>', gave the following error.
    Type 'Action' is not assignable to type 'Task'.
      Types of property 'status_history' are incompatible.
        Type 'Json' is not assignable to type 'any[]'.
          Type 'string' is not assignable to type 'any[]'.
  Overload 2 of 2, '(props: WorkshopTaskModalProps): string | number | bigint | boolean | ReactElement<unknown, string | JSXElementConstructor<any>> | Iterable<...> | Promise<...> | Component<...>', gave the following error.
    Type 'Action' is not assignable to type 'Task'.
      Types of property 'status_history' are incompatible.
        Type 'Json' is not assignable to type 'any[]'.
          Type 'string' is not assignable to type 'any[]'.
app/(dashboard)/workshop-tasks/page.tsx(4541,26): error TS2345: Argument of type 'Task' is not assignable to parameter of type 'Action'.
  Type 'Task' is missing the following properties from type '{ id: string; action_type: "inspection_defect" | "workshop_vehicle_task" | "manager_action"; inspection_id: string; inspection_item_id: string; van_id: string; plant_id: string; hgv_id: string; ... 17 more ...; updated_at: string; }': inspection_id, inspection_item_id, van_id, plant_id, and 11 more.
app/(dashboard)/workshop-tasks/page.tsx(4545,28): error TS2345: Argument of type 'Task' is not assignable to parameter of type 'Action'.
  Type 'Task' is missing the following properties from type '{ id: string; action_type: "inspection_defect" | "workshop_vehicle_task" | "manager_action"; inspection_id: string; inspection_item_id: string; van_id: string; plant_id: string; hgv_id: string; ... 17 more ...; updated_at: string; }': inspection_id, inspection_item_id, van_id, plant_id, and 11 more.
app/(dashboard)/workshop-tasks/page.tsx(4549,32): error TS2345: Argument of type 'Task' is not assignable to parameter of type 'Action'.
  Type 'Task' is missing the following properties from type '{ id: string; action_type: "inspection_defect" | "workshop_vehicle_task" | "manager_action"; inspection_id: string; inspection_item_id: string; van_id: string; plant_id: string; hgv_id: string; ... 17 more ...; updated_at: string; }': inspection_id, inspection_item_id, van_id, plant_id, and 11 more.
app/(dashboard)/workshop-tasks/page.tsx(4553,30): error TS2345: Argument of type 'Task' is not assignable to parameter of type 'Action'.
  Type 'Task' is missing the following properties from type '{ id: string; action_type: "inspection_defect" | "workshop_vehicle_task" | "manager_action"; inspection_id: string; inspection_item_id: string; van_id: string; plant_id: string; hgv_id: string; ... 17 more ...; updated_at: string; }': inspection_id, inspection_item_id, van_id, plant_id, and 11 more.
app/(dashboard)/workshop-tasks/page.tsx(4557,28): error TS2345: Argument of type 'Task' is not assignable to parameter of type 'Action'.
  Type 'Task' is missing the following properties from type '{ id: string; action_type: "inspection_defect" | "workshop_vehicle_task" | "manager_action"; inspection_id: string; inspection_item_id: string; van_id: string; plant_id: string; hgv_id: string; ... 17 more ...; updated_at: string; }': inspection_id, inspection_item_id, van_id, plant_id, and 11 more.
app/(dashboard)/workshop-tasks/page.tsx(4561,28): error TS2345: Argument of type 'Task' is not assignable to parameter of type 'Action'.
  Type 'Task' is missing the following properties from type '{ id: string; action_type: "inspection_defect" | "workshop_vehicle_task" | "manager_action"; inspection_id: string; inspection_item_id: string; van_id: string; plant_id: string; hgv_id: string; ... 17 more ...; updated_at: string; }': inspection_id, inspection_item_id, van_id, plant_id, and 11 more.
app/api/admin/roles/[id]/permissions/route.ts(104,59): error TS2339: Property 'id' does not exist on type 'Promise<{ id: string; }>'.
app/api/admin/roles/[id]/route.ts(65,59): error TS2339: Property 'id' does not exist on type 'Promise<{ id: string; }>'.
app/api/admin/roles/[id]/route.ts(128,14): error TS2339: Property 'name' does not exist on type 'UpdateRoleRequest'.
app/api/admin/roles/[id]/route.ts(132,26): error TS2339: Property 'name' does not exist on type 'UpdateRoleRequest'.
app/api/admin/roles/[id]/route.ts(145,14): error TS2339: Property 'name' does not exist on type 'UpdateRoleRequest'.
app/api/admin/roles/[id]/route.ts(145,57): error TS2339: Property 'name' does not exist on type 'UpdateRoleRequest'.
app/api/admin/roles/[id]/route.ts(148,14): error TS2339: Property 'is_manager_admin' does not exist on type 'UpdateRoleRequest'.
app/api/admin/roles/[id]/route.ts(148,81): error TS2339: Property 'is_manager_admin' does not exist on type 'UpdateRoleRequest'.
app/api/admin/roles/[id]/route.ts(149,14): error TS2339: Property 'timesheet_type' does not exist on type 'UpdateRoleRequest'.
app/api/admin/roles/[id]/route.ts(149,77): error TS2339: Property 'timesheet_type' does not exist on type 'UpdateRoleRequest'.
app/api/admin/roles/[id]/route.ts(168,61): error TS2339: Property 'id' does not exist on type 'Promise<{ id: string; }>'.
app/api/admin/roles/[id]/route.ts(256,62): error TS2339: Property 'id' does not exist on type 'Promise<{ id: string; }>'.
app/api/admin/roles/route.ts(70,7): error TS2552: Cannot find name 'request'. Did you mean 'Request'?
app/api/admin/roles/route.ts(133,30): error TS2339: Property 'timesheet_type' does not exist on type 'CreateRoleRequest'.
app/api/admin/users/[id]/route.ts(268,9): error TS2353: Object literal may only specify known properties, and 'banned_until' does not exist in type 'AdminUserAttributes'.
app/api/admin/vans/route.ts(77,53): error TS2339: Property 'full_name' does not exist on type '{ full_name: any; }[]'.
app/api/errors/daily-summary/route.ts(276,7): error TS2552: Cannot find name 'request'. Did you mean 'Request'?
app/api/errors/daily-summary/test/route.ts(338,7): error TS2552: Cannot find name 'request'. Did you mean 'Request'?
app/api/hgv-inspections/[id]/pdf/route.ts(105,19): error TS2345: Argument of type 'string | Buffer<ArrayBufferLike>' is not assignable to parameter of type 'Uint8Array<ArrayBufferLike>'.
  Type 'string' is not assignable to type 'Uint8Array<ArrayBufferLike>'.
app/api/maintenance/[id]/route.ts(340,7): error TS2740: Type 'any[]' is missing the following properties from type 'MaintenanceHistory': id, van_id, plant_id, maintenance_category_id, and 8 more.
app/api/maintenance/categories/[id]/recipients/route.ts(85,22): error TS2352: Conversion of type '{ name: any; is_manager_admin: any; }[]' to type '{ name: string; is_manager_admin: boolean; }' may be a mistake because neither type sufficiently overlaps with the other. If this was intentional, convert the expression to 'unknown' first.
  Type '{ name: any; is_manager_admin: any; }[]' is missing the following properties from type '{ name: string; is_manager_admin: boolean; }': name, is_manager_admin
app/api/maintenance/history/[vehicleId]/route.ts(172,7): error TS2322: Type '{ id: any; created_at: any; status: any; action_type: any; title: any; status_history: any; workshop_comments: any; description: any; logged_comment: any; actioned_comment: any; actioned_at: any; logged_at: any; created_by: any; workshop_task_categories: { ...; }[]; }[]' is not assignable to type 'WorkshopTaskHistoryItem[]'.
  Type '{ id: any; created_at: any; status: any; action_type: any; title: any; status_history: any; workshop_comments: any; description: any; logged_comment: any; actioned_comment: any; actioned_at: any; logged_at: any; created_by: any; workshop_task_categories: { ...; }[]; }' is not assignable to type 'WorkshopTaskHistoryItem'.
    Types of property 'workshop_task_categories' are incompatible.
      Property 'name' is missing in type '{ name: any; }[]' but required in type '{ name: string; }'.
app/api/maintenance/reminders/route.ts(70,22): error TS2352: Conversion of type '{ name: any; is_manager_admin: any; }[]' to type '{ name: string; is_manager_admin: boolean; }' may be a mistake because neither type sufficiently overlaps with the other. If this was intentional, convert the expression to 'unknown' first.
  Type '{ name: any; is_manager_admin: any; }[]' is missing the following properties from type '{ name: string; is_manager_admin: boolean; }': name, is_manager_admin
app/api/maintenance/route.ts(543,7): error TS2353: Object literal may only specify known properties, and 'message' does not exist in type 'MaintenanceUpdateResponse'.
app/api/maintenance/sync-dvla-scheduled/route.ts(155,33): error TS2554: Expected 1 arguments, but got 2.
app/api/maintenance/sync-dvla/route.ts(156,33): error TS2554: Expected 1 arguments, but got 2.
app/api/messages/[id]/export/route.ts(103,38): error TS2339: Property 'full_name' does not exist on type '{ full_name: any; }[]'.
app/api/messages/[id]/export/route.ts(106,7): error TS2322: Type '{ id: any; user_id: any; status: any; signed_at: any; signature_data: any; user: { id: any; full_name: any; role: any; employee_id: any; }[]; }[]' is not assignable to type '{ id: string; status: "PENDING" | "SIGNED"; signed_at: string; signature_data: string; user: { full_name: string; role: string; employee_id: string; }; }[]'.
  Type '{ id: any; user_id: any; status: any; signed_at: any; signature_data: any; user: { id: any; full_name: any; role: any; employee_id: any; }[]; }' is not assignable to type '{ id: string; status: "PENDING" | "SIGNED"; signed_at: string; signature_data: string; user: { full_name: string; role: string; employee_id: string; }; }'.
    Types of property 'user' are incompatible.
      Type '{ id: any; full_name: any; role: any; employee_id: any; }[]' is missing the following properties from type '{ full_name: string; role: string; employee_id: string; }': full_name, role, employee_id
app/api/messages/[id]/export/route.ts(113,29): error TS2345: Argument of type 'Buffer<ArrayBufferLike>' is not assignable to parameter of type 'BodyInit'.
  Type 'Buffer<ArrayBufferLike>' is missing the following properties from type 'URLSearchParams': size, append, delete, get, and 2 more.
app/api/messages/clear-all/route.ts(47,7): error TS2552: Cannot find name 'request'. Did you mean 'Request'?
app/api/messages/notifications/admin/route.ts(103,27): error TS2339: Property 'type' does not exist on type '{ id: any; type: any; subject: any; body: any; priority: any; sender_id: any; created_at: any; deleted_at: any; sender: { id: any; full_name: any; }[]; }[]'.
app/api/messages/notifications/admin/route.ts(104,31): error TS2339: Property 'priority' does not exist on type '{ id: any; type: any; subject: any; body: any; priority: any; sender_id: any; created_at: any; deleted_at: any; sender: { id: any; full_name: any; }[]; }[]'.
app/api/messages/notifications/admin/route.ts(105,30): error TS2339: Property 'subject' does not exist on type '{ id: any; type: any; subject: any; body: any; priority: any; sender_id: any; created_at: any; deleted_at: any; sender: { id: any; full_name: any; }[]; }[]'.
app/api/messages/notifications/admin/route.ts(106,27): error TS2339: Property 'body' does not exist on type '{ id: any; type: any; subject: any; body: any; priority: any; sender_id: any; created_at: any; deleted_at: any; sender: { id: any; full_name: any; }[]; }[]'.
app/api/messages/notifications/admin/route.ts(107,34): error TS2339: Property 'sender' does not exist on type '{ id: any; type: any; subject: any; body: any; priority: any; sender_id: any; created_at: any; deleted_at: any; sender: { id: any; full_name: any; }[]; }[]'.
app/api/messages/notifications/admin/route.ts(108,32): error TS2339: Property 'sender_id' does not exist on type '{ id: any; type: any; subject: any; body: any; priority: any; sender_id: any; created_at: any; deleted_at: any; sender: { id: any; full_name: any; }[]; }[]'.
app/api/messages/notifications/admin/route.ts(110,33): error TS2339: Property 'created_at' does not exist on type '{ id: any; type: any; subject: any; body: any; priority: any; sender_id: any; created_at: any; deleted_at: any; sender: { id: any; full_name: any; }[]; }[]'.
app/api/messages/notifications/route.ts(71,27): error TS2339: Property 'type' does not exist on type '{ id: any; type: any; subject: any; body: any; priority: any; sender_id: any; created_at: any; deleted_at: any; sender: { id: any; full_name: any; }[]; }[]'.
app/api/messages/notifications/route.ts(72,31): error TS2339: Property 'priority' does not exist on type '{ id: any; type: any; subject: any; body: any; priority: any; sender_id: any; created_at: any; deleted_at: any; sender: { id: any; full_name: any; }[]; }[]'.
app/api/messages/notifications/route.ts(73,30): error TS2339: Property 'subject' does not exist on type '{ id: any; type: any; subject: any; body: any; priority: any; sender_id: any; created_at: any; deleted_at: any; sender: { id: any; full_name: any; }[]; }[]'.
app/api/messages/notifications/route.ts(74,27): error TS2339: Property 'body' does not exist on type '{ id: any; type: any; subject: any; body: any; priority: any; sender_id: any; created_at: any; deleted_at: any; sender: { id: any; full_name: any; }[]; }[]'.
app/api/messages/notifications/route.ts(75,34): error TS2339: Property 'sender' does not exist on type '{ id: any; type: any; subject: any; body: any; priority: any; sender_id: any; created_at: any; deleted_at: any; sender: { id: any; full_name: any; }[]; }[]'.
app/api/messages/notifications/route.ts(76,32): error TS2339: Property 'sender_id' does not exist on type '{ id: any; type: any; subject: any; body: any; priority: any; sender_id: any; created_at: any; deleted_at: any; sender: { id: any; full_name: any; }[]; }[]'.
app/api/messages/notifications/route.ts(78,33): error TS2339: Property 'created_at' does not exist on type '{ id: any; type: any; subject: any; body: any; priority: any; sender_id: any; created_at: any; deleted_at: any; sender: { id: any; full_name: any; }[]; }[]'.
app/api/messages/pending/route.ts(92,34): error TS2339: Property 'sender' does not exist on type '{ id: any; type: any; subject: any; body: any; priority: any; sender_id: any; created_at: any; deleted_at: any; pdf_file_path: any; sender: { id: any; full_name: any; }[]; }[]'.
app/api/messages/pending/route.ts(98,34): error TS2339: Property 'sender' does not exist on type '{ id: any; type: any; subject: any; body: any; priority: any; sender_id: any; created_at: any; deleted_at: any; sender: { id: any; full_name: any; }[]; }[]'.
app/api/messages/pending/route.ts(103,7): error TS2322: Type '{ recipient_id: any; sender_name: any; length: number; toString(): string; toLocaleString(): string; toLocaleString(locales: string | string[], options?: NumberFormatOptions & DateTimeFormatOptions): string; ... 37 more ...; [Symbol.unscopables]: { ...; }; }[]' is not assignable to type 'MessageWithSender[]'.
  Type '{ recipient_id: any; sender_name: any; length: number; toString(): string; toLocaleString(): string; toLocaleString(locales: string | string[], options?: NumberFormatOptions & DateTimeFormatOptions): string; ... 37 more ...; [Symbol.unscopables]: { ...; }; }' is missing the following properties from type 'MessageWithSender': sender, id, type, subject, and 8 more.
app/api/messages/pending/route.ts(104,7): error TS2322: Type '{ recipient_id: any; sender_name: any; length: number; toString(): string; toLocaleString(): string; toLocaleString(locales: string | string[], options?: NumberFormatOptions & DateTimeFormatOptions): string; ... 37 more ...; [Symbol.unscopables]: { ...; }; }[]' is not assignable to type 'MessageWithSender[]'.
  Type '{ recipient_id: any; sender_name: any; length: number; toString(): string; toLocaleString(): string; toLocaleString(locales: string | string[], options?: NumberFormatOptions & DateTimeFormatOptions): string; ... 37 more ...; [Symbol.unscopables]: { ...; }; }' is missing the following properties from type 'MessageWithSender': sender, id, type, subject, and 8 more.
app/api/messages/reports/route.ts(129,11): error TS2353: Object literal may only specify known properties, and 'sender_name' does not exist in type 'MessageWithSender'.
app/api/messages/reports/route.ts(129,40): error TS2339: Property 'full_name' does not exist on type '{ id: any; full_name: any; }[]'.
app/api/messages/reports/route.ts(131,9): error TS2322: Type '{ id: any; user_id: any; status: any; signed_at: any; created_at: any; user: { full_name: any; role: any; employee_id: any; }[]; }[]' is not assignable to type '(MessageRecipient & { user: { full_name: string; role: string; employee_id: string; }; })[]'.
  Type '{ id: any; user_id: any; status: any; signed_at: any; created_at: any; user: { full_name: any; role: any; employee_id: any; }[]; }' is not assignable to type 'MessageRecipient & { user: { full_name: string; role: string; employee_id: string; }; }'.
    Type '{ id: any; user_id: any; status: any; signed_at: any; created_at: any; user: { full_name: any; role: any; employee_id: any; }[]; }' is missing the following properties from type 'MessageRecipient': message_id, first_shown_at, cleared_from_inbox_at, signature_data, updated_at
app/api/plant-inspections/[id]/pdf/route.ts(155,19): error TS2345: Argument of type 'string | Buffer<ArrayBufferLike>' is not assignable to parameter of type 'Uint8Array<ArrayBufferLike>'.
  Type 'string' is not assignable to type 'Uint8Array<ArrayBufferLike>'.
app/api/workshop-tasks/tasks/[taskId]/comments/route.ts(124,27): error TS2352: Conversion of type '{ id: any; body: any; created_at: any; author_id: any; profiles: { id: any; full_name: any; }[]; }[]' to type '{ id: string; body: string; created_at: string; author_id: string; profiles: { id: string; full_name: string; }; }[]' may be a mistake because neither type sufficiently overlaps with the other. If this was intentional, convert the expression to 'unknown' first.
  Type '{ id: any; body: any; created_at: any; author_id: any; profiles: { id: any; full_name: any; }[]; }' is not comparable to type '{ id: string; body: string; created_at: string; author_id: string; profiles: { id: string; full_name: string; }; }'.
    Types of property 'profiles' are incompatible.
      Type '{ id: any; full_name: any; }[]' is missing the following properties from type '{ id: string; full_name: string; }': id, full_name
app/api/workshop-tasks/tasks/[taskId]/comments/route.ts(338,26): error TS2352: Conversion of type '{ id: any; task_id: any; body: any; created_at: any; author_id: any; profiles: { id: any; full_name: any; }[]; }' to type '{ id: string; body: string; created_at: string; profiles: { id: string; full_name: string; }; }' may be a mistake because neither type sufficiently overlaps with the other. If this was intentional, convert the expression to 'unknown' first.
  Types of property 'profiles' are incompatible.
    Type '{ id: any; full_name: any; }[]' is missing the following properties from type '{ id: string; full_name: string; }': id, full_name
lib/hooks/useAuth.ts(265,16): error TS2339: Property 'super_admin' does not exist on type 'Profile'.
lib/hooks/useAuth.ts(332,14): error TS2339: Property 'super_admin' does not exist on type 'Profile'.
lib/utils/permissions.ts(85,26): error TS2352: Conversion of type '{ role_id: any; roles: { is_manager_admin: any; }[]; }' to type '{ role_id: string; roles: { is_manager_admin: boolean; }; }' may be a mistake because neither type sufficiently overlaps with the other. If this was intentional, convert the expression to 'unknown' first.
  Types of property 'roles' are incompatible.
    Property 'is_manager_admin' is missing in type '{ is_manager_admin: any; }[]' but required in type '{ is_manager_admin: boolean; }'.
lib/utils/permissions.ts(130,26): error TS2352: Conversion of type '{ role_id: any; roles: { is_manager_admin: any; }[]; role_permissions: { module_name: any; enabled: any; }[]; }' to type '{ roles: { is_manager_admin: boolean; }; role_permissions: { module_name: ModuleName; enabled: boolean; }[]; }' may be a mistake because neither type sufficiently overlaps with the other. If this was intentional, convert the expression to 'unknown' first.
  Types of property 'roles' are incompatible.
    Property 'is_manager_admin' is missing in type '{ is_manager_admin: any; }[]' but required in type '{ is_manager_admin: boolean; }'.
lib/utils/permissions.ts(180,26): error TS2352: Conversion of type '{ role_id: any; roles: { is_manager_admin: any; }[]; }' to type '{ roles: { is_manager_admin: boolean; }; }' may be a mistake because neither type sufficiently overlaps with the other. If this was intentional, convert the expression to 'unknown' first.
  Types of property 'roles' are incompatible.
    Property 'is_manager_admin' is missing in type '{ is_manager_admin: any; }[]' but required in type '{ is_manager_admin: boolean; }'.
lib/utils/permissions.ts(262,26): error TS2352: Conversion of type '{ full_name: any; roles: { display_name: any; }[]; }' to type '{ full_name: string; roles: { display_name: string; }; }' may be a mistake because neither type sufficiently overlaps with the other. If this was intentional, convert the expression to 'unknown' first.
  Types of property 'roles' are incompatible.
    Property 'display_name' is missing in type '{ display_name: any; }[]' but required in type '{ display_name: string; }'.
lib/utils/view-as.ts(79,26): error TS2352: Conversion of type '{ id: any; super_admin: any; role_id: any; role: { id: any; name: any; display_name: any; is_manager_admin: any; is_super_admin: any; }[]; }' to type '{ super_admin: boolean; role: { id: string; name: string; display_name: string; is_manager_admin: boolean; is_super_admin: boolean; }; }' may be a mistake because neither type sufficiently overlaps with the other. If this was intentional, convert the expression to 'unknown' first.
  Types of property 'role' are incompatible.
    Type '{ id: any; name: any; display_name: any; is_manager_admin: any; is_super_admin: any; }[]' is missing the following properties from type '{ id: string; name: string; display_name: string; is_manager_admin: boolean; is_super_admin: boolean; }': id, name, display_name, is_manager_admin, is_super_admin
